<?xml version="1.0" encoding="UTF-8"?>
<!-- Generated by org.testng.reporters.JUnitXMLReporter -->
<testsuite ignored="0" hostname="Abinashs-MacBook-Air.local" failures="0" tests="15" name="Swag Labs Regression" time="0.037" errors="0" timestamp="2026-04-09T20:06:02 IST">
  <testcase classname="base.BaseTest" name="@BeforeMethod setup" time="0.019">
    <failure type="java.lang.RuntimeException" message="Unable to find a free port">
      <![CDATA[java.lang.RuntimeException: Unable to find a free port
at org.openqa.selenium.net.PortProber.findFreePort(PortProber.java:61)
at org.openqa.selenium.remote.service.DriverService$Builder.build(DriverService.java:502)
at org.openqa.selenium.chrome.ChromeDriverService.createDefaultService(ChromeDriverService.java:138)
at org.openqa.selenium.chrome.ChromeDriver.<init>(ChromeDriver.java:72)
at utils.DriverFactory.initializeDriver(DriverFactory.java:24)
at base.BaseTest.setup(BaseTest.java:26)
at java.base/java.util.concurrent.CompletableFuture$AsyncSupply.run(CompletableFuture.java:1768)
at java.base/java.util.concurrent.ThreadPoolExecutor.runWorker(ThreadPoolExecutor.java:1144)
at java.base/java.util.concurrent.ThreadPoolExecutor$Worker.run(ThreadPoolExecutor.java:642)
at java.base/java.lang.Thread.run(Thread.java:1583)
... Removed 10 stack frames]]>
    </failure>
  </testcase> <!-- @BeforeMethod setup -->
  <testcase classname="base.BaseTest" name="@BeforeMethod setup" time="0.019">
    <failure type="java.lang.RuntimeException" message="Unable to find a free port">
      <![CDATA[java.lang.RuntimeException: Unable to find a free port
at org.openqa.selenium.net.PortProber.findFreePort(PortProber.java:61)
at org.openqa.selenium.remote.service.DriverService$Builder.build(DriverService.java:502)
at org.openqa.selenium.chrome.ChromeDriverService.createDefaultService(ChromeDriverService.java:138)
at org.openqa.selenium.chrome.ChromeDriver.<init>(ChromeDriver.java:72)
at utils.DriverFactory.initializeDriver(DriverFactory.java:24)
at base.BaseTest.setup(BaseTest.java:26)
at java.base/java.util.concurrent.CompletableFuture$AsyncSupply.run(CompletableFuture.java:1768)
at java.base/java.util.concurrent.ThreadPoolExecutor.runWorker(ThreadPoolExecutor.java:1144)
at java.base/java.util.concurrent.ThreadPoolExecutor$Worker.run(ThreadPoolExecutor.java:642)
at java.base/java.lang.Thread.run(Thread.java:1583)
... Removed 10 stack frames]]>
    </failure>
  </testcase> <!-- @BeforeMethod setup -->
  <testcase classname="base.BaseTest" name="@BeforeMethod setup" time="0.019">
    <failure type="java.lang.RuntimeException" message="Unable to find a free port">
      <![CDATA[java.lang.RuntimeException: Unable to find a free port
at org.openqa.selenium.net.PortProber.findFreePort(PortProber.java:61)
at org.openqa.selenium.remote.service.DriverService$Builder.build(DriverService.java:502)
at org.openqa.selenium.chrome.ChromeDriverService.createDefaultService(ChromeDriverService.java:138)
at org.openqa.selenium.chrome.ChromeDriver.<init>(ChromeDriver.java:72)
at utils.DriverFactory.initializeDriver(DriverFactory.java:24)
at base.BaseTest.setup(BaseTest.java:26)
at java.base/java.util.concurrent.CompletableFuture$AsyncSupply.run(CompletableFuture.java:1768)
at java.base/java.util.concurrent.ThreadPoolExecutor.runWorker(ThreadPoolExecutor.java:1144)
at java.base/java.util.concurrent.ThreadPoolExecutor$Worker.run(ThreadPoolExecutor.java:642)
at java.base/java.lang.Thread.run(Thread.java:1583)
... Removed 10 stack frames]]>
    </failure>
  </testcase> <!-- @BeforeMethod setup -->
  <testcase classname="base.BaseTest" name="@BeforeMethod setup" time="0.021">
    <failure type="java.lang.RuntimeException" message="Unable to find a free port">
      <![CDATA[java.lang.RuntimeException: Unable to find a free port
at org.openqa.selenium.net.PortProber.findFreePort(PortProber.java:61)
at org.openqa.selenium.remote.service.DriverService$Builder.build(DriverService.java:502)
at org.openqa.selenium.chrome.ChromeDriverService.createDefaultService(ChromeDriverService.java:138)
at org.openqa.selenium.chrome.ChromeDriver.<init>(ChromeDriver.java:72)
at utils.DriverFactory.initializeDriver(DriverFactory.java:24)
at base.BaseTest.setup(BaseTest.java:26)
at java.base/java.util.concurrent.Executors$RunnableAdapter.call(Executors.java:572)
at java.base/java.util.concurrent.FutureTask.run(FutureTask.java:317)
at java.base/java.util.concurrent.ThreadPoolExecutor.runWorker(ThreadPoolExecutor.java:1144)
at java.base/java.util.concurrent.ThreadPoolExecutor$Worker.run(ThreadPoolExecutor.java:642)
at java.base/java.lang.Thread.run(Thread.java:1583)
... Removed 15 stack frames]]>
    </failure>
  </testcase> <!-- @BeforeMethod setup -->
  <testcase classname="base.BaseTest" name="@BeforeMethod setup" time="0.021">
    <failure type="java.lang.RuntimeException" message="Unable to find a free port">
      <![CDATA[java.lang.RuntimeException: Unable to find a free port
at org.openqa.selenium.net.PortProber.findFreePort(PortProber.java:61)
at org.openqa.selenium.remote.service.DriverService$Builder.build(DriverService.java:502)
at org.openqa.selenium.chrome.ChromeDriverService.createDefaultService(ChromeDriverService.java:138)
at org.openqa.selenium.chrome.ChromeDriver.<init>(ChromeDriver.java:72)
at utils.DriverFactory.initializeDriver(DriverFactory.java:24)
at base.BaseTest.setup(BaseTest.java:26)
at java.base/java.util.concurrent.Executors$RunnableAdapter.call(Executors.java:572)
at java.base/java.util.concurrent.FutureTask.run(FutureTask.java:317)
at java.base/java.util.concurrent.ThreadPoolExecutor.runWorker(ThreadPoolExecutor.java:1144)
at java.base/java.util.concurrent.ThreadPoolExecutor$Worker.run(ThreadPoolExecutor.java:642)
at java.base/java.lang.Thread.run(Thread.java:1583)
... Removed 15 stack frames]]>
    </failure>
  </testcase> <!-- @BeforeMethod setup -->
  <testcase classname="base.BaseTest" name="@BeforeMethod setup" time="0.0">
    <failure type="java.lang.RuntimeException" message="Unable to find a free port">
      <![CDATA[java.lang.RuntimeException: Unable to find a free port
at org.openqa.selenium.net.PortProber.findFreePort(PortProber.java:61)
at org.openqa.selenium.remote.service.DriverService$Builder.build(DriverService.java:502)
at org.openqa.selenium.chrome.ChromeDriverService.createDefaultService(ChromeDriverService.java:138)
at org.openqa.selenium.chrome.ChromeDriver.<init>(ChromeDriver.java:72)
at utils.DriverFactory.initializeDriver(DriverFactory.java:24)
at base.BaseTest.setup(BaseTest.java:26)
at java.base/java.util.concurrent.Executors$RunnableAdapter.call(Executors.java:572)
at java.base/java.util.concurrent.FutureTask.run(FutureTask.java:317)
at java.base/java.util.concurrent.ThreadPoolExecutor.runWorker(ThreadPoolExecutor.java:1144)
at java.base/java.util.concurrent.ThreadPoolExecutor$Worker.run(ThreadPoolExecutor.java:642)
at java.base/java.lang.Thread.run(Thread.java:1583)
... Removed 15 stack frames]]>
    </failure>
  </testcase> <!-- @BeforeMethod setup -->
  <testcase classname="base.BaseTest" name="@BeforeMethod setup" time="0.0">
    <failure type="java.lang.RuntimeException" message="Unable to find a free port">
      <![CDATA[java.lang.RuntimeException: Unable to find a free port
at org.openqa.selenium.net.PortProber.findFreePort(PortProber.java:61)
at org.openqa.selenium.remote.service.DriverService$Builder.build(DriverService.java:502)
at org.openqa.selenium.chrome.ChromeDriverService.createDefaultService(ChromeDriverService.java:138)
at org.openqa.selenium.chrome.ChromeDriver.<init>(ChromeDriver.java:72)
at utils.DriverFactory.initializeDriver(DriverFactory.java:24)
at base.BaseTest.setup(BaseTest.java:26)
at java.base/java.util.concurrent.Executors$RunnableAdapter.call(Executors.java:572)
at java.base/java.util.concurrent.FutureTask.run(FutureTask.java:317)
at java.base/java.util.concurrent.ThreadPoolExecutor.runWorker(ThreadPoolExecutor.java:1144)
at java.base/java.util.concurrent.ThreadPoolExecutor$Worker.run(ThreadPoolExecutor.java:642)
at java.base/java.lang.Thread.run(Thread.java:1583)
... Removed 15 stack frames]]>
    </failure>
  </testcase> <!-- @BeforeMethod setup -->
  <testcase classname="base.BaseTest" name="@BeforeMethod setup" time="0.0">
    <failure type="java.lang.RuntimeException" message="Unable to find a free port">
      <![CDATA[java.lang.RuntimeException: Unable to find a free port
at org.openqa.selenium.net.PortProber.findFreePort(PortProber.java:61)
at org.openqa.selenium.remote.service.DriverService$Builder.build(DriverService.java:502)
at org.openqa.selenium.chrome.ChromeDriverService.createDefaultService(ChromeDriverService.java:138)
at org.openqa.selenium.chrome.ChromeDriver.<init>(ChromeDriver.java:72)
at utils.DriverFactory.initializeDriver(DriverFactory.java:24)
at base.BaseTest.setup(BaseTest.java:26)
at java.base/java.util.concurrent.CompletableFuture$AsyncSupply.run(CompletableFuture.java:1768)
at java.base/java.util.concurrent.ThreadPoolExecutor.runWorker(ThreadPoolExecutor.java:1144)
at java.base/java.util.concurrent.ThreadPoolExecutor$Worker.run(ThreadPoolExecutor.java:642)
at java.base/java.lang.Thread.run(Thread.java:1583)
... Removed 10 stack frames]]>
    </failure>
  </testcase> <!-- @BeforeMethod setup -->
  <testcase classname="base.BaseTest" name="@BeforeMethod setup" time="0.0">
    <failure type="java.lang.RuntimeException" message="Unable to find a free port">
      <![CDATA[java.lang.RuntimeException: Unable to find a free port
at org.openqa.selenium.net.PortProber.findFreePort(PortProber.java:61)
at org.openqa.selenium.remote.service.DriverService$Builder.build(DriverService.java:502)
at org.openqa.selenium.chrome.ChromeDriverService.createDefaultService(ChromeDriverService.java:138)
at org.openqa.selenium.chrome.ChromeDriver.<init>(ChromeDriver.java:72)
at utils.DriverFactory.initializeDriver(DriverFactory.java:24)
at base.BaseTest.setup(BaseTest.java:26)
at java.base/java.util.concurrent.CompletableFuture$AsyncSupply.run(CompletableFuture.java:1768)
at java.base/java.util.concurrent.ThreadPoolExecutor.runWorker(ThreadPoolExecutor.java:1144)
at java.base/java.util.concurrent.ThreadPoolExecutor$Worker.run(ThreadPoolExecutor.java:642)
at java.base/java.lang.Thread.run(Thread.java:1583)
... Removed 10 stack frames]]>
    </failure>
  </testcase> <!-- @BeforeMethod setup -->
  <testcase classname="base.BaseTest" name="@BeforeMethod setup" time="0.0">
    <failure type="java.lang.RuntimeException" message="Unable to find a free port">
      <![CDATA[java.lang.RuntimeException: Unable to find a free port
at org.openqa.selenium.net.PortProber.findFreePort(PortProber.java:61)
at org.openqa.selenium.remote.service.DriverService$Builder.build(DriverService.java:502)
at org.openqa.selenium.chrome.ChromeDriverService.createDefaultService(ChromeDriverService.java:138)
at org.openqa.selenium.chrome.ChromeDriver.<init>(ChromeDriver.java:72)
at utils.DriverFactory.initializeDriver(DriverFactory.java:24)
at base.BaseTest.setup(BaseTest.java:26)
at java.base/java.util.concurrent.CompletableFuture$AsyncSupply.run(CompletableFuture.java:1768)
at java.base/java.util.concurrent.ThreadPoolExecutor.runWorker(ThreadPoolExecutor.java:1144)
at java.base/java.util.concurrent.ThreadPoolExecutor$Worker.run(ThreadPoolExecutor.java:642)
at java.base/java.lang.Thread.run(Thread.java:1583)
... Removed 10 stack frames]]>
    </failure>
  </testcase> <!-- @BeforeMethod setup -->
  <testcase classname="base.BaseTest" name="@BeforeMethod setup" time="0.0">
    <failure type="java.lang.RuntimeException" message="Unable to find a free port">
      <![CDATA[java.lang.RuntimeException: Unable to find a free port
at org.openqa.selenium.net.PortProber.findFreePort(PortProber.java:61)
at org.openqa.selenium.remote.service.DriverService$Builder.build(DriverService.java:502)
at org.openqa.selenium.chrome.ChromeDriverService.createDefaultService(ChromeDriverService.java:138)
at org.openqa.selenium.chrome.ChromeDriver.<init>(ChromeDriver.java:72)
at utils.DriverFactory.initializeDriver(DriverFactory.java:24)
at base.BaseTest.setup(BaseTest.java:26)
at java.base/java.util.concurrent.CompletableFuture$AsyncSupply.run(CompletableFuture.java:1768)
at java.base/java.util.concurrent.ThreadPoolExecutor.runWorker(ThreadPoolExecutor.java:1144)
at java.base/java.util.concurrent.ThreadPoolExecutor$Worker.run(ThreadPoolExecutor.java:642)
at java.base/java.lang.Thread.run(Thread.java:1583)
... Removed 10 stack frames]]>
    </failure>
  </testcase> <!-- @BeforeMethod setup -->
  <testcase classname="base.BaseTest" name="@BeforeMethod setup" time="0.001">
    <failure type="java.lang.RuntimeException" message="Unable to find a free port">
      <![CDATA[java.lang.RuntimeException: Unable to find a free port
at org.openqa.selenium.net.PortProber.findFreePort(PortProber.java:61)
at org.openqa.selenium.remote.service.DriverService$Builder.build(DriverService.java:502)
at org.openqa.selenium.chrome.ChromeDriverService.createDefaultService(ChromeDriverService.java:138)
at org.openqa.selenium.chrome.ChromeDriver.<init>(ChromeDriver.java:72)
at utils.DriverFactory.initializeDriver(DriverFactory.java:24)
at base.BaseTest.setup(BaseTest.java:26)
at java.base/java.util.concurrent.CompletableFuture$AsyncSupply.run(CompletableFuture.java:1768)
at java.base/java.util.concurrent.ThreadPoolExecutor.runWorker(ThreadPoolExecutor.java:1144)
at java.base/java.util.concurrent.ThreadPoolExecutor$Worker.run(ThreadPoolExecutor.java:642)
at java.base/java.lang.Thread.run(Thread.java:1583)
... Removed 10 stack frames]]>
    </failure>
  </testcase> <!-- @BeforeMethod setup -->
  <testcase classname="base.BaseTest" name="@BeforeMethod setup" time="0.001">
    <failure type="java.lang.RuntimeException" message="Unable to find a free port">
      <![CDATA[java.lang.RuntimeException: Unable to find a free port
at org.openqa.selenium.net.PortProber.findFreePort(PortProber.java:61)
at org.openqa.selenium.remote.service.DriverService$Builder.build(DriverService.java:502)
at org.openqa.selenium.chrome.ChromeDriverService.createDefaultService(ChromeDriverService.java:138)
at org.openqa.selenium.chrome.ChromeDriver.<init>(ChromeDriver.java:72)
at utils.DriverFactory.initializeDriver(DriverFactory.java:24)
at base.BaseTest.setup(BaseTest.java:26)
at java.base/java.util.concurrent.Executors$RunnableAdapter.call(Executors.java:572)
at java.base/java.util.concurrent.FutureTask.run(FutureTask.java:317)
at java.base/java.util.concurrent.ThreadPoolExecutor.runWorker(ThreadPoolExecutor.java:1144)
at java.base/java.util.concurrent.ThreadPoolExecutor$Worker.run(ThreadPoolExecutor.java:642)
at java.base/java.lang.Thread.run(Thread.java:1583)
... Removed 15 stack frames]]>
    </failure>
  </testcase> <!-- @BeforeMethod setup -->
  <testcase classname="base.BaseTest" name="@BeforeMethod setup" time="0.001">
    <failure type="java.lang.RuntimeException" message="Unable to find a free port">
      <![CDATA[java.lang.RuntimeException: Unable to find a free port
at org.openqa.selenium.net.PortProber.findFreePort(PortProber.java:61)
at org.openqa.selenium.remote.service.DriverService$Builder.build(DriverService.java:502)
at org.openqa.selenium.chrome.ChromeDriverService.createDefaultService(ChromeDriverService.java:138)
at org.openqa.selenium.chrome.ChromeDriver.<init>(ChromeDriver.java:72)
at utils.DriverFactory.initializeDriver(DriverFactory.java:24)
at base.BaseTest.setup(BaseTest.java:26)
at java.base/java.util.concurrent.Executors$RunnableAdapter.call(Executors.java:572)
at java.base/java.util.concurrent.FutureTask.run(FutureTask.java:317)
at java.base/java.util.concurrent.ThreadPoolExecutor.runWorker(ThreadPoolExecutor.java:1144)
at java.base/java.util.concurrent.ThreadPoolExecutor$Worker.run(ThreadPoolExecutor.java:642)
at java.base/java.lang.Thread.run(Thread.java:1583)
... Removed 15 stack frames]]>
    </failure>
  </testcase> <!-- @BeforeMethod setup -->
  <testcase classname="base.BaseTest" name="@BeforeMethod setup" time="0.001">
    <failure type="java.lang.RuntimeException" message="Unable to find a free port">
      <![CDATA[java.lang.RuntimeException: Unable to find a free port
at org.openqa.selenium.net.PortProber.findFreePort(PortProber.java:61)
at org.openqa.selenium.remote.service.DriverService$Builder.build(DriverService.java:502)
at org.openqa.selenium.chrome.ChromeDriverService.createDefaultService(ChromeDriverService.java:138)
at org.openqa.selenium.chrome.ChromeDriver.<init>(ChromeDriver.java:72)
at utils.DriverFactory.initializeDriver(DriverFactory.java:24)
at base.BaseTest.setup(BaseTest.java:26)
at java.base/java.util.concurrent.Executors$RunnableAdapter.call(Executors.java:572)
at java.base/java.util.concurrent.FutureTask.run(FutureTask.java:317)
at java.base/java.util.concurrent.ThreadPoolExecutor.runWorker(ThreadPoolExecutor.java:1144)
at java.base/java.util.concurrent.ThreadPoolExecutor$Worker.run(ThreadPoolExecutor.java:642)
at java.base/java.lang.Thread.run(Thread.java:1583)
... Removed 15 stack frames]]>
    </failure>
  </testcase> <!-- @BeforeMethod setup -->
  <testcase classname="tests.NegativeFlowTest" name="checkoutShouldValidateRequiredFields" time="0.0">
    <skipped/>
  </testcase> <!-- checkoutShouldValidateRequiredFields -->
  <testcase classname="tests.InventoryTest" name="userCanAddMultipleProductsToCart" time="0.0">
    <skipped/>
  </testcase> <!-- userCanAddMultipleProductsToCart -->
  <testcase classname="tests.NegativeFlowTest" name="checkoutShouldValidateRequiredFields" time="0.0">
    <skipped/>
  </testcase> <!-- checkoutShouldValidateRequiredFields -->
  <testcase classname="tests.LoginTest" name="validLoginShouldNavigateToInventoryPage" time="0.0">
    <skipped/>
  </testcase> <!-- validLoginShouldNavigateToInventoryPage -->
  <testcase classname="tests.NegativeFlowTest" name="checkoutShouldValidateRequiredFields" time="0.0">
    <skipped/>
  </testcase> <!-- checkoutShouldValidateRequiredFields -->
  <testcase classname="tests.InventoryTest" name="userCanRemoveProductFromCart" time="0.0">
    <skipped/>
  </testcase> <!-- userCanRemoveProductFromCart -->
  <testcase classname="tests.CheckoutAndMenuTest" name="userCanCompleteCheckoutSuccessfully" time="0.0">
    <skipped/>
  </testcase> <!-- userCanCompleteCheckoutSuccessfully -->
  <testcase classname="tests.NegativeFlowTest" name="invalidLoginShouldShowHelpfulError" time="0.0">
    <skipped/>
  </testcase> <!-- invalidLoginShouldShowHelpfulError -->
  <testcase classname="tests.NegativeFlowTest" name="invalidLoginShouldShowHelpfulError" time="0.0">
    <skipped/>
  </testcase> <!-- invalidLoginShouldShowHelpfulError -->
  <testcase classname="tests.NegativeFlowTest" name="invalidLoginShouldShowHelpfulError" time="0.0">
    <skipped/>
  </testcase> <!-- invalidLoginShouldShowHelpfulError -->
  <testcase classname="tests.NegativeFlowTest" name="invalidLoginShouldShowHelpfulError" time="0.0">
    <skipped/>
  </testcase> <!-- invalidLoginShouldShowHelpfulError -->
  <testcase classname="tests.NegativeFlowTest" name="invalidLoginShouldShowHelpfulError" time="0.0">
    <skipped/>
  </testcase> <!-- invalidLoginShouldShowHelpfulError -->
  <testcase classname="tests.InventoryTest" name="userCanReviewProductsInCart" time="0.0">
    <skipped/>
  </testcase> <!-- userCanReviewProductsInCart -->
  <testcase classname="tests.CheckoutAndMenuTest" name="userCanLogoutAndReturnToLoginPage" time="0.0">
    <skipped/>
  </testcase> <!-- userCanLogoutAndReturnToLoginPage -->
  <testcase classname="tests.InventoryTest" name="userCanSortProductsByPriceLowToHigh" time="0.0">
    <skipped/>
  </testcase> <!-- userCanSortProductsByPriceLowToHigh -->
</testsuite> <!-- Swag Labs Regression -->
